<?xml version="1.0" encoding="UTF-8"?>
<testsuite xmlns:xsi="http://www.w3.org/2001/XMLSchema-instance" xsi:noNamespaceSchemaLocation="https://maven.apache.org/surefire/maven-surefire-plugin/xsd/surefire-test-report.xsd" version="3.0.2" name="com.kaka.LogTest" time="0.205" tests="1" errors="0" skipped="0" failures="0">
  <properties>
[...]
</properties>
  <testcase name="testLog" classname="com.kaka.LogTest" time="0.02">
    <system-out><![CDATA[2025-07-13 18:09:05.830 [main] INFO  com.kaka.LogTest-计算结果为: 101!!!
]]></system-out>
  </testcase>
</testsuite>